root@otssTestServer:/home/lx/git/otus-linux-network# vagrant up
Bringing machine 'inetRouter' up with 'virtualbox' provider...
Bringing machine 'centralRouter' up with 'virtualbox' provider...
Bringing machine 'centralServer' up with 'virtualbox' provider...
Bringing machine 'office1Router' up with 'virtualbox' provider...
Bringing machine 'office1Server' up with 'virtualbox' provider...
Bringing machine 'office2Router' up with 'virtualbox' provider...
Bringing machine 'office2Server' up with 'virtualbox' provider...
==> inetRouter: You assigned a static IP ending in ".1" to this machine.
==> inetRouter: This is very often used by the router and can cause the
==> inetRouter: network to not work properly. If the network doesn't work
==> inetRouter: properly, try changing this IP.
==> inetRouter: Importing base box 'centos/7'...
==> inetRouter: Matching MAC address for NAT networking...
==> inetRouter: You assigned a static IP ending in ".1" to this machine.
==> inetRouter: This is very often used by the router and can cause the
==> inetRouter: network to not work properly. If the network doesn't work
==> inetRouter: properly, try changing this IP.
==> inetRouter: Checking if box 'centos/7' version '2004.01' is up to date...
==> inetRouter: Setting the name of the VM: otus-linux-network_inetRouter_1635083825910_46512
==> inetRouter: Clearing any previously set network interfaces...
==> inetRouter: Preparing network interfaces based on configuration...
    inetRouter: Adapter 1: nat
    inetRouter: Adapter 2: intnet
==> inetRouter: Forwarding ports...
    inetRouter: 22 (guest) => 2222 (host) (adapter 1)
==> inetRouter: Booting VM...
==> inetRouter: Waiting for machine to boot. This may take a few minutes...
    inetRouter: SSH address: 127.0.0.1:2222
    inetRouter: SSH username: vagrant
    inetRouter: SSH auth method: private key
    inetRouter:
    inetRouter: Vagrant insecure key detected. Vagrant will automatically replace
    inetRouter: this with a newly generated keypair for better security.
    inetRouter:
    inetRouter: Inserting generated public key within guest...
    inetRouter: Removing insecure key from the guest if it's present...
    inetRouter: Key inserted! Disconnecting and reconnecting using new SSH key...
==> inetRouter: Machine booted and ready!
==> inetRouter: Checking for guest additions in VM...
    inetRouter: No guest additions were detected on the base box for this VM! Guest
    inetRouter: additions are required for forwarded ports, shared folders, host only
    inetRouter: networking, and more. If SSH fails on this machine, please install
    inetRouter: the guest additions and repackage the box to continue.
    inetRouter:
    inetRouter: This is not an error message; everything may continue to work properly,
    inetRouter: in which case you may ignore this message.
==> inetRouter: Setting hostname...
==> inetRouter: Configuring and enabling network interfaces...
==> inetRouter: Rsyncing folder: /home/lx/git/otus-linux-network/ => /vagrant
==> inetRouter: Running provisioner: shell...
    inetRouter: Running: inline script
==> inetRouter: Running provisioner: shell...
    inetRouter: Running: inline script
==> centralRouter: You assigned a static IP ending in ".1" to this machine.
==> centralRouter: This is very often used by the router and can cause the
==> centralRouter: network to not work properly. If the network doesn't work
==> centralRouter: properly, try changing this IP.
==> centralRouter: You assigned a static IP ending in ".1" to this machine.
==> centralRouter: This is very often used by the router and can cause the
==> centralRouter: network to not work properly. If the network doesn't work
==> centralRouter: properly, try changing this IP.
==> centralRouter: You assigned a static IP ending in ".1" to this machine.
==> centralRouter: This is very often used by the router and can cause the
==> centralRouter: network to not work properly. If the network doesn't work
==> centralRouter: properly, try changing this IP.
==> centralRouter: Importing base box 'centos/7'...
==> centralRouter: Matching MAC address for NAT networking...
==> centralRouter: You assigned a static IP ending in ".1" to this machine.
==> centralRouter: This is very often used by the router and can cause the
==> centralRouter: network to not work properly. If the network doesn't work
==> centralRouter: properly, try changing this IP.
==> centralRouter: You assigned a static IP ending in ".1" to this machine.
==> centralRouter: This is very often used by the router and can cause the
==> centralRouter: network to not work properly. If the network doesn't work
==> centralRouter: properly, try changing this IP.
==> centralRouter: You assigned a static IP ending in ".1" to this machine.
==> centralRouter: This is very often used by the router and can cause the
==> centralRouter: network to not work properly. If the network doesn't work
==> centralRouter: properly, try changing this IP.
==> centralRouter: Checking if box 'centos/7' version '2004.01' is up to date...
==> centralRouter: Setting the name of the VM: otus-linux-network_centralRouter_1635083867551_96068
==> centralRouter: Fixed port collision for 22 => 2222. Now on port 2200.
==> centralRouter: Clearing any previously set network interfaces...
==> centralRouter: Preparing network interfaces based on configuration...
    centralRouter: Adapter 1: nat
    centralRouter: Adapter 2: intnet
    centralRouter: Adapter 3: intnet
    centralRouter: Adapter 4: intnet
    centralRouter: Adapter 5: intnet
    centralRouter: Adapter 6: intnet
    centralRouter: Adapter 7: intnet
==> centralRouter: Forwarding ports...
    centralRouter: 22 (guest) => 2200 (host) (adapter 1)
==> centralRouter: Booting VM...
==> centralRouter: Waiting for machine to boot. This may take a few minutes...
    centralRouter: SSH address: 127.0.0.1:2200
    centralRouter: SSH username: vagrant
    centralRouter: SSH auth method: private key
    centralRouter:
    centralRouter: Vagrant insecure key detected. Vagrant will automatically replace
    centralRouter: this with a newly generated keypair for better security.
    centralRouter:
    centralRouter: Inserting generated public key within guest...
    centralRouter: Removing insecure key from the guest if it's present...
    centralRouter: Key inserted! Disconnecting and reconnecting using new SSH key...
==> centralRouter: Machine booted and ready!
==> centralRouter: Checking for guest additions in VM...
    centralRouter: No guest additions were detected on the base box for this VM! Guest
    centralRouter: additions are required for forwarded ports, shared folders, host only
    centralRouter: networking, and more. If SSH fails on this machine, please install
    centralRouter: the guest additions and repackage the box to continue.
    centralRouter:
    centralRouter: This is not an error message; everything may continue to work properly,
    centralRouter: in which case you may ignore this message.
==> centralRouter: Setting hostname...
==> centralRouter: Configuring and enabling network interfaces...
==> centralRouter: Rsyncing folder: /home/lx/git/otus-linux-network/ => /vagrant
==> centralRouter: Running provisioner: shell...
    centralRouter: Running: inline script
==> centralRouter: Running provisioner: shell...
    centralRouter: Running: inline script
==> centralServer: Importing base box 'centos/7'...
==> centralServer: Matching MAC address for NAT networking...
==> centralServer: Checking if box 'centos/7' version '2004.01' is up to date...
==> centralServer: Setting the name of the VM: otus-linux-network_centralServer_1635083920923_58841
==> centralServer: Fixed port collision for 22 => 2222. Now on port 2201.
==> centralServer: Clearing any previously set network interfaces...
==> centralServer: Preparing network interfaces based on configuration...
    centralServer: Adapter 1: nat
    centralServer: Adapter 2: intnet
==> centralServer: Forwarding ports...
    centralServer: 22 (guest) => 2201 (host) (adapter 1)
==> centralServer: Booting VM...
==> centralServer: Waiting for machine to boot. This may take a few minutes...
    centralServer: SSH address: 127.0.0.1:2201
    centralServer: SSH username: vagrant
    centralServer: SSH auth method: private key
    centralServer:
    centralServer: Vagrant insecure key detected. Vagrant will automatically replace
    centralServer: this with a newly generated keypair for better security.
    centralServer:
    centralServer: Inserting generated public key within guest...
    centralServer: Removing insecure key from the guest if it's present...
    centralServer: Key inserted! Disconnecting and reconnecting using new SSH key...
==> centralServer: Machine booted and ready!
==> centralServer: Checking for guest additions in VM...
    centralServer: No guest additions were detected on the base box for this VM! Guest
    centralServer: additions are required for forwarded ports, shared folders, host only
    centralServer: networking, and more. If SSH fails on this machine, please install
    centralServer: the guest additions and repackage the box to continue.
    centralServer:
    centralServer: This is not an error message; everything may continue to work properly,
    centralServer: in which case you may ignore this message.
==> centralServer: Setting hostname...
==> centralServer: Configuring and enabling network interfaces...
==> centralServer: Rsyncing folder: /home/lx/git/otus-linux-network/ => /vagrant
==> centralServer: Running provisioner: shell...
    centralServer: Running: inline script
==> centralServer: Running provisioner: shell...
    centralServer: Running: inline script
==> office1Router: Importing base box 'centos/7'...
==> office1Router: Matching MAC address for NAT networking...
==> office1Router: Checking if box 'centos/7' version '2004.01' is up to date...
==> office1Router: Setting the name of the VM: otus-linux-network_office1Router_1635083963314_17262
==> office1Router: Fixed port collision for 22 => 2222. Now on port 2202.
==> office1Router: Clearing any previously set network interfaces...
==> office1Router: Preparing network interfaces based on configuration...
    office1Router: Adapter 1: nat
    office1Router: Adapter 2: intnet
    office1Router: Adapter 3: intnet
    office1Router: Adapter 4: intnet
    office1Router: Adapter 5: intnet
==> office1Router: Forwarding ports...
    office1Router: 22 (guest) => 2202 (host) (adapter 1)
==> office1Router: Booting VM...
==> office1Router: Waiting for machine to boot. This may take a few minutes...
    office1Router: SSH address: 127.0.0.1:2202
    office1Router: SSH username: vagrant
    office1Router: SSH auth method: private key
    office1Router:
    office1Router: Vagrant insecure key detected. Vagrant will automatically replace
    office1Router: this with a newly generated keypair for better security.
    office1Router:
    office1Router: Inserting generated public key within guest...
    office1Router: Removing insecure key from the guest if it's present...
    office1Router: Key inserted! Disconnecting and reconnecting using new SSH key...
==> office1Router: Machine booted and ready!
==> office1Router: Checking for guest additions in VM...
    office1Router: No guest additions were detected on the base box for this VM! Guest
    office1Router: additions are required for forwarded ports, shared folders, host only
    office1Router: networking, and more. If SSH fails on this machine, please install
    office1Router: the guest additions and repackage the box to continue.
    office1Router:
    office1Router: This is not an error message; everything may continue to work properly,
    office1Router: in which case you may ignore this message.
==> office1Router: Setting hostname...
==> office1Router: Configuring and enabling network interfaces...
==> office1Router: Rsyncing folder: /home/lx/git/otus-linux-network/ => /vagrant
==> office1Router: Running provisioner: shell...
    office1Router: Running: inline script
==> office1Router: Running provisioner: shell...
    office1Router: Running: inline script
==> office1Server: Importing base box 'centos/7'...
==> office1Server: Matching MAC address for NAT networking...
==> office1Server: Checking if box 'centos/7' version '2004.01' is up to date...
==> office1Server: Setting the name of the VM: otus-linux-network_office1Server_1635084006839_80472
==> office1Server: Fixed port collision for 22 => 2222. Now on port 2203.
==> office1Server: Clearing any previously set network interfaces...
==> office1Server: Preparing network interfaces based on configuration...
    office1Server: Adapter 1: nat
    office1Server: Adapter 2: intnet
==> office1Server: Forwarding ports...
    office1Server: 22 (guest) => 2203 (host) (adapter 1)
==> office1Server: Booting VM...
==> office1Server: Waiting for machine to boot. This may take a few minutes...
    office1Server: SSH address: 127.0.0.1:2203
    office1Server: SSH username: vagrant
    office1Server: SSH auth method: private key
    office1Server:
    office1Server: Vagrant insecure key detected. Vagrant will automatically replace
    office1Server: this with a newly generated keypair for better security.
    office1Server:
    office1Server: Inserting generated public key within guest...
    office1Server: Removing insecure key from the guest if it's present...
    office1Server: Key inserted! Disconnecting and reconnecting using new SSH key...
==> office1Server: Machine booted and ready!
==> office1Server: Checking for guest additions in VM...
    office1Server: No guest additions were detected on the base box for this VM! Guest
    office1Server: additions are required for forwarded ports, shared folders, host only
    office1Server: networking, and more. If SSH fails on this machine, please install
    office1Server: the guest additions and repackage the box to continue.
    office1Server:
    office1Server: This is not an error message; everything may continue to work properly,
    office1Server: in which case you may ignore this message.
==> office1Server: Setting hostname...
==> office1Server: Configuring and enabling network interfaces...
==> office1Server: Rsyncing folder: /home/lx/git/otus-linux-network/ => /vagrant
==> office1Server: Running provisioner: shell...
    office1Server: Running: inline script
==> office1Server: Running provisioner: shell...
    office1Server: Running: inline script
==> office2Router: Importing base box 'centos/7'...
==> office2Router: Matching MAC address for NAT networking...
==> office2Router: Checking if box 'centos/7' version '2004.01' is up to date...
==> office2Router: Setting the name of the VM: otus-linux-network_office2Router_1635084050308_39089
==> office2Router: Fixed port collision for 22 => 2222. Now on port 2204.
==> office2Router: Clearing any previously set network interfaces...
==> office2Router: Preparing network interfaces based on configuration...
    office2Router: Adapter 1: nat
    office2Router: Adapter 2: intnet
    office2Router: Adapter 3: intnet
    office2Router: Adapter 4: intnet
==> office2Router: Forwarding ports...
    office2Router: 22 (guest) => 2204 (host) (adapter 1)
==> office2Router: Booting VM...
==> office2Router: Waiting for machine to boot. This may take a few minutes...
    office2Router: SSH address: 127.0.0.1:2204
    office2Router: SSH username: vagrant
    office2Router: SSH auth method: private key
    office2Router:
    office2Router: Vagrant insecure key detected. Vagrant will automatically replace
    office2Router: this with a newly generated keypair for better security.
    office2Router:
    office2Router: Inserting generated public key within guest...
    office2Router: Removing insecure key from the guest if it's present...
    office2Router: Key inserted! Disconnecting and reconnecting using new SSH key...
==> office2Router: Machine booted and ready!
==> office2Router: Checking for guest additions in VM...
    office2Router: No guest additions were detected on the base box for this VM! Guest
    office2Router: additions are required for forwarded ports, shared folders, host only
    office2Router: networking, and more. If SSH fails on this machine, please install
    office2Router: the guest additions and repackage the box to continue.
    office2Router:
    office2Router: This is not an error message; everything may continue to work properly,
    office2Router: in which case you may ignore this message.
==> office2Router: Setting hostname...
==> office2Router: Configuring and enabling network interfaces...
==> office2Router: Rsyncing folder: /home/lx/git/otus-linux-network/ => /vagrant
==> office2Router: Running provisioner: shell...
    office2Router: Running: inline script
==> office2Router: Running provisioner: shell...
    office2Router: Running: inline script
==> office2Server: Importing base box 'centos/7'...
==> office2Server: Matching MAC address for NAT networking...
==> office2Server: Checking if box 'centos/7' version '2004.01' is up to date...
==> office2Server: Setting the name of the VM: otus-linux-network_office2Server_1635084093891_58044
==> office2Server: Fixed port collision for 22 => 2222. Now on port 2205.
==> office2Server: Clearing any previously set network interfaces...
==> office2Server: Preparing network interfaces based on configuration...
    office2Server: Adapter 1: nat
    office2Server: Adapter 2: intnet
==> office2Server: Forwarding ports...
    office2Server: 22 (guest) => 2205 (host) (adapter 1)
==> office2Server: Booting VM...
==> office2Server: Waiting for machine to boot. This may take a few minutes...
    office2Server: SSH address: 127.0.0.1:2205
    office2Server: SSH username: vagrant
    office2Server: SSH auth method: private key
    office2Server:
    office2Server: Vagrant insecure key detected. Vagrant will automatically replace
    office2Server: this with a newly generated keypair for better security.
    office2Server:
    office2Server: Inserting generated public key within guest...
    office2Server: Removing insecure key from the guest if it's present...
    office2Server: Key inserted! Disconnecting and reconnecting using new SSH key...
==> office2Server: Machine booted and ready!
==> office2Server: Checking for guest additions in VM...
    office2Server: No guest additions were detected on the base box for this VM! Guest
    office2Server: additions are required for forwarded ports, shared folders, host only
    office2Server: networking, and more. If SSH fails on this machine, please install
    office2Server: the guest additions and repackage the box to continue.
    office2Server:
    office2Server: This is not an error message; everything may continue to work properly,
    office2Server: in which case you may ignore this message.
==> office2Server: Setting hostname...
==> office2Server: Configuring and enabling network interfaces...
==> office2Server: Rsyncing folder: /home/lx/git/otus-linux-network/ => /vagrant
==> office2Server: Running provisioner: shell...
    office2Server: Running: inline script
==> office2Server: Running provisioner: shell...
    office2Server: Running: inline script
root@otssTestServer:/home/lx/git/otus-linux-network# vagrant ssh office1Server
[vagrant@office1Server ~]$ ping 192.168.1.130
PING 192.168.1.130 (192.168.1.130) 56(84) bytes of data.
64 bytes from 192.168.1.130: icmp_seq=1 ttl=61 time=4.01 ms
64 bytes from 192.168.1.130: icmp_seq=2 ttl=61 time=3.40 ms
^C
--- 192.168.1.130 ping statistics ---
2 packets transmitted, 2 received, 0% packet loss, time 1001ms
rtt min/avg/max/mdev = 3.403/3.709/4.016/0.312 ms
[vagrant@office1Server ~]$ ping 192.168.0.2
PING 192.168.0.2 (192.168.0.2) 56(84) bytes of data.
64 bytes from 192.168.0.2: icmp_seq=1 ttl=62 time=1.69 ms
^C
--- 192.168.0.2 ping statistics ---
1 packets transmitted, 1 received, 0% packet loss, time 0ms
rtt min/avg/max/mdev = 1.694/1.694/1.694/0.000 ms
[vagrant@office1Server ~]$ ping google.com
PING google.com (209.85.233.101) 56(84) bytes of data.
64 bytes from lr-in-f101.1e100.net (209.85.233.101): icmp_seq=1 ttl=57 time=46.9 ms
64 bytes from lr-in-f101.1e100.net (209.85.233.101): icmp_seq=2 ttl=57 time=46.9 ms
^C
--- google.com ping statistics ---
2 packets transmitted, 2 received, 0% packet loss, time 1001ms
rtt min/avg/max/mdev = 46.912/46.926/46.940/0.014 ms
[vagrant@office1Server ~]tracepath google.com
 1?: [LOCALHOST]                                         pmtu 1500
 1:  192.168.2.65                                          1.250ms
 1:  192.168.2.65                                          1.094ms
 2:  192.168.2.1                                           1.549ms
 3:  192.168.255.1                                         1.984ms
 4:  no reply
 5:  no reply
 6:  no reply
^C
[vagrant@office1Server ~]$